AzerothCore rev. dd96b57be4c7+ 2025-06-15 21:43:51 +0000 (master branch) (Unix, RelWithDebInfo, Static) (dbimport)
<Ctrl-C> to stop.

   █████╗ ███████╗███████╗██████╗  ██████╗ ████████╗██╗  ██╗
  ██╔══██╗╚══███╔╝██╔════╝██╔══██╗██╔═══██╗╚══██╔══╝██║  ██║
  ███████║  ███╔╝ █████╗  ██████╔╝██║   ██║   ██║   ███████║
  ██╔══██║ ███╔╝  ██╔══╝  ██╔══██╗██║   ██║   ██║   ██╔══██║
  ██║  ██║███████╗███████╗██║  ██║╚██████╔╝   ██║   ██║  ██║
  ╚═╝  ╚═╝╚══════╝╚══════╝╚═╝  ╚═╝ ╚═════╝    ╚═╝   ╚═╝  ╚═╝
                                 ██████╗ ██████╗ ██████╗ ███████╗
                                ██╔════╝██╔═══██╗██╔══██╗██╔════╝
                                ██║     ██║   ██║██████╔╝█████╗
                                ██║     ██║   ██║██╔══██╗██╔══╝
                                ╚██████╗╚██████╔╝██║  ██║███████╗
                                 ╚═════╝ ╚═════╝ ╚═╝  ╚═╝╚══════╝

     AzerothCore 3.3.5a  -  www.azerothcore.org

> Using configuration file:       /azerothcore/env/dist/etc/dbimport.conf
> Using SSL version:              OpenSSL 3.0.2 15 Mar 2022 (library: OpenSSL 3.0.2 15 Mar 2022)
> Using Boost version:            1.74.0
 
Configuration field WorldDatabaseInfo was overridden with environment variable.
Configuration field CharacterDatabaseInfo was overridden with environment variable.
Configuration field LoginDatabaseInfo was overridden with environment variable.
Configuration field LogsDir was overridden with environment variable.
Loading modules: all
Opening DatabasePool 'acore_auth'. Asynchronous connections: 1, synchronous connections: 1.
Could not connect to MySQL database at ac-database: Unknown database 'acore_auth'
Database "acore_auth" does not exist
Creating database "acore_auth"...
Done.
 
Opening DatabasePool 'acore_auth'. Asynchronous connections: 1, synchronous connections: 1.
MySQL client library: 8.0.42
MySQL server ver: 8.4.5 
Connected to MySQL database at ac-database
MySQL client library: 8.0.42
MySQL server ver: 8.4.5 
Connected to MySQL database at ac-database
DatabasePool 'acore_auth' opened successfully. 2 total connections running.
 
Opening DatabasePool 'acore_characters'. Asynchronous connections: 1, synchronous connections: 1.
Could not connect to MySQL database at ac-database: Unknown database 'acore_characters'
Database "acore_characters" does not exist
Creating database "acore_characters"...
Done.
 
Opening DatabasePool 'acore_characters'. Asynchronous connections: 1, synchronous connections: 1.
MySQL client library: 8.0.42
MySQL server ver: 8.4.5 
Connected to MySQL database at ac-database
MySQL client library: 8.0.42
MySQL server ver: 8.4.5 
Connected to MySQL database at ac-database
DatabasePool 'acore_characters' opened successfully. 2 total connections running.
 
Opening DatabasePool 'acore_world'. Asynchronous connections: 1, synchronous connections: 1.
Could not connect to MySQL database at ac-database: Unknown database 'acore_world'
Database "acore_world" does not exist
Creating database "acore_world"...
Done.
 
Opening DatabasePool 'acore_world'. Asynchronous connections: 1, synchronous connections: 1.
MySQL client library: 8.0.42
MySQL server ver: 8.4.5 
Connected to MySQL database at ac-database
MySQL client library: 8.0.42
MySQL server ver: 8.4.5 
Connected to MySQL database at ac-database
DatabasePool 'acore_world' opened successfully. 2 total connections running.
 
Database Auth is empty, auto populating it...
>> Applying 'account.sql'...
>> Applying 'account_access.sql'...
>> Applying 'account_banned.sql'...
>> Applying 'account_muted.sql'...
>> Applying 'autobroadcast.sql'...
>> Applying 'build_info.sql'...
>> Applying 'ip_banned.sql'...
>> Applying 'logs.sql'...
>> Applying 'logs_ip_actions.sql'...
>> Applying 'motd.sql'...
>> Applying 'motd_localized.sql'...
>> Applying 'realmcharacters.sql'...
>> Applying 'realmlist.sql'...
>> Applying 'secret_digest.sql'...
>> Applying 'updates.sql'...
>> Applying 'updates_include.sql'...
>> Applying 'uptime.sql'...
>> Done!
 
Database Character is empty, auto populating it...
>> Applying 'account_data.sql'...
>> Applying 'account_instance_times.sql'...
>> Applying 'account_tutorial.sql'...
>> Applying 'addons.sql'...
>> Applying 'arena_team.sql'...
>> Applying 'arena_team_member.sql'...
>> Applying 'auctionhouse.sql'...
>> Applying 'banned_addons.sql'...
>> Applying 'battleground_deserters.sql'...
>> Applying 'bugreport.sql'...
>> Applying 'calendar_events.sql'...
>> Applying 'calendar_invites.sql'...
>> Applying 'channels.sql'...
>> Applying 'channels_bans.sql'...
>> Applying 'channels_rights.sql'...
>> Applying 'character_account_data.sql'...
>> Applying 'character_achievement.sql'...
>> Applying 'character_achievement_offline_updates.sql'...
>> Applying 'character_achievement_progress.sql'...
>> Applying 'character_action.sql'...
>> Applying 'character_arena_stats.sql'...
>> Applying 'character_aura.sql'...
>> Applying 'character_banned.sql'...
>> Applying 'character_battleground_random.sql'...
>> Applying 'character_brew_of_the_month.sql'...
>> Applying 'character_declinedname.sql'...
>> Applying 'character_entry_point.sql'...
>> Applying 'character_equipmentsets.sql'...
>> Applying 'character_gifts.sql'...
>> Applying 'character_glyphs.sql'...
>> Applying 'character_homebind.sql'...
>> Applying 'character_instance.sql'...
>> Applying 'character_inventory.sql'...
>> Applying 'character_pet.sql'...
>> Applying 'character_pet_declinedname.sql'...
>> Applying 'character_queststatus.sql'...
>> Applying 'character_queststatus_daily.sql'...
>> Applying 'character_queststatus_monthly.sql'...
>> Applying 'character_queststatus_rewarded.sql'...
>> Applying 'character_queststatus_seasonal.sql'...
>> Applying 'character_queststatus_weekly.sql'...
>> Applying 'character_reputation.sql'...
>> Applying 'character_settings.sql'...
>> Applying 'character_skills.sql'...
>> Applying 'character_social.sql'...
>> Applying 'character_spell.sql'...
>> Applying 'character_spell_cooldown.sql'...
>> Applying 'character_stats.sql'...
>> Applying 'character_talent.sql'...
>> Applying 'characters.sql'...
>> Applying 'corpse.sql'...
>> Applying 'creature_respawn.sql'...
>> Applying 'game_event_condition_save.sql'...
>> Applying 'game_event_save.sql'...
>> Applying 'gameobject_respawn.sql'...
>> Applying 'gm_subsurvey.sql'...
>> Applying 'gm_survey.sql'...
>> Applying 'gm_ticket.sql'...
>> Applying 'group_member.sql'...
>> Applying 'groups.sql'...
>> Applying 'guild.sql'...
>> Applying 'guild_bank_eventlog.sql'...
>> Applying 'guild_bank_item.sql'...
>> Applying 'guild_bank_right.sql'...
>> Applying 'guild_bank_tab.sql'...
>> Applying 'guild_eventlog.sql'...
>> Applying 'guild_member.sql'...
>> Applying 'guild_member_withdraw.sql'...
>> Applying 'guild_rank.sql'...
>> Applying 'instance.sql'...
>> Applying 'instance_reset.sql'...
>> Applying 'instance_saved_go_state_data.sql'...
>> Applying 'item_instance.sql'...
>> Applying 'item_loot_storage.sql'...
>> Applying 'item_refund_instance.sql'...
>> Applying 'item_soulbound_trade_data.sql'...
>> Applying 'lag_reports.sql'...
>> Applying 'lfg_data.sql'...
>> Applying 'log_arena_fights.sql'...
>> Applying 'log_arena_memberstats.sql'...
>> Applying 'log_encounter.sql'...
>> Applying 'log_money.sql'...
>> Applying 'mail.sql'...
>> Applying 'mail_items.sql'...
>> Applying 'mail_server_character.sql'...
>> Applying 'mail_server_template.sql'...
>> Applying 'pet_aura.sql'...
>> Applying 'pet_spell.sql'...
>> Applying 'pet_spell_cooldown.sql'...
>> Applying 'petition.sql'...
>> Applying 'petition_sign.sql'...
>> Applying 'pool_quest_save.sql'...
>> Applying 'profanity_name.sql'...
>> Applying 'pvpstats_battlegrounds.sql'...
>> Applying 'pvpstats_players.sql'...
>> Applying 'quest_tracker.sql'...
>> Applying 'recovery_item.sql'...
>> Applying 'reserved_name.sql'...
>> Applying 'updates.sql'...
>> Applying 'updates_include.sql'...
>> Applying 'warden_action.sql'...
>> Applying 'worldstates.sql'...
>> Done!
 
Database World is empty, auto populating it...
>> Applying 'achievement_category_dbc.sql'...
>> Applying 'achievement_criteria_data.sql'...
>> Applying 'achievement_criteria_dbc.sql'...
>> Applying 'achievement_dbc.sql'...
>> Applying 'achievement_reward.sql'...
>> Applying 'achievement_reward_locale.sql'...
>> Applying 'acore_string.sql'...
>> Applying 'areagroup_dbc.sql'...
>> Applying 'areapoi_dbc.sql'...
>> Applying 'areatable_dbc.sql'...
>> Applying 'areatrigger.sql'...
>> Applying 'areatrigger_involvedrelation.sql'...
>> Applying 'areatrigger_scripts.sql'...
>> Applying 'areatrigger_tavern.sql'...
>> Applying 'areatrigger_teleport.sql'...
>> Applying 'auctionhouse_dbc.sql'...
>> Applying 'bankbagslotprices_dbc.sql'...
>> Applying 'barbershopstyle_dbc.sql'...
>> Applying 'battleground_template.sql'...
>> Applying 'battlemaster_entry.sql'...
>> Applying 'battlemasterlist_dbc.sql'...
>> Applying 'broadcast_text.sql'...
>> Applying 'broadcast_text_locale.sql'...
>> Applying 'charstartoutfit_dbc.sql'...
>> Applying 'chartitles_dbc.sql'...
>> Applying 'chatchannels_dbc.sql'...
>> Applying 'chrclasses_dbc.sql'...
>> Applying 'chrraces_dbc.sql'...
>> Applying 'cinematiccamera_dbc.sql'...
>> Applying 'cinematicsequences_dbc.sql'...
>> Applying 'command.sql'...
>> Applying 'conditions.sql'...
>> Applying 'creature.sql'...
>> Applying 'creature_addon.sql'...
>> Applying 'creature_classlevelstats.sql'...
>> Applying 'creature_equip_template.sql'...
>> Applying 'creature_formations.sql'...
>> Applying 'creature_loot_template.sql'...
>> Applying 'creature_model_info.sql'...
>> Applying 'creature_movement_override.sql'...
>> Applying 'creature_onkill_reputation.sql'...
>> Applying 'creature_questender.sql'...
>> Applying 'creature_questitem.sql'...
>> Applying 'creature_queststarter.sql'...
>> Applying 'creature_summon_groups.sql'...
>> Applying 'creature_template.sql'...
>> Applying 'creature_template_addon.sql'...
>> Applying 'creature_template_locale.sql'...
>> Applying 'creature_template_model.sql'...
>> Applying 'creature_template_movement.sql'...
>> Applying 'creature_template_resistance.sql'...
>> Applying 'creature_template_spell.sql'...
>> Applying 'creature_text.sql'...
>> Applying 'creature_text_locale.sql'...
>> Applying 'creaturedisplayinfo_dbc.sql'...
>> Applying 'creaturedisplayinfoextra_dbc.sql'...
>> Applying 'creaturefamily_dbc.sql'...
>> Applying 'creaturemodeldata_dbc.sql'...
>> Applying 'creaturespelldata_dbc.sql'...
>> Applying 'creaturetype_dbc.sql'...
>> Applying 'currencytypes_dbc.sql'...
>> Applying 'destructiblemodeldata_dbc.sql'...
>> Applying 'disables.sql'...
>> Applying 'disenchant_loot_template.sql'...
>> Applying 'dungeon_access_requirements.sql'...
>> Applying 'dungeon_access_template.sql'...
>> Applying 'dungeonencounter_dbc.sql'...
>> Applying 'durabilitycosts_dbc.sql'...
>> Applying 'durabilityquality_dbc.sql'...
>> Applying 'emotes_dbc.sql'...
>> Applying 'emotestext_dbc.sql'...
>> Applying 'event_scripts.sql'...
>> Applying 'exploration_basexp.sql'...
>> Applying 'faction_dbc.sql'...
>> Applying 'factiontemplate_dbc.sql'...
>> Applying 'fishing_loot_template.sql'...
>> Applying 'game_event.sql'...
>> Applying 'game_event_arena_seasons.sql'...
>> Applying 'game_event_battleground_holiday.sql'...
>> Applying 'game_event_condition.sql'...
>> Applying 'game_event_creature.sql'...
>> Applying 'game_event_creature_quest.sql'...
>> Applying 'game_event_gameobject.sql'...
>> Applying 'game_event_gameobject_quest.sql'...
>> Applying 'game_event_model_equip.sql'...
>> Applying 'game_event_npc_vendor.sql'...
>> Applying 'game_event_npcflag.sql'...
>> Applying 'game_event_pool.sql'...
>> Applying 'game_event_prerequisite.sql'...
>> Applying 'game_event_quest_condition.sql'...
>> Applying 'game_event_seasonal_questrelation.sql'...
>> Applying 'game_graveyard.sql'...
>> Applying 'game_tele.sql'...
>> Applying 'game_weather.sql'...
>> Applying 'gameobject.sql'...
>> Applying 'gameobject_addon.sql'...
>> Applying 'gameobject_loot_template.sql'...
>> Applying 'gameobject_questender.sql'...
>> Applying 'gameobject_questitem.sql'...
>> Applying 'gameobject_queststarter.sql'...
>> Applying 'gameobject_template.sql'...
>> Applying 'gameobject_template_addon.sql'...
>> Applying 'gameobject_template_locale.sql'...
>> Applying 'gameobjectartkit_dbc.sql'...
>> Applying 'gameobjectdisplayinfo_dbc.sql'...
>> Applying 'gemproperties_dbc.sql'...
>> Applying 'glyphproperties_dbc.sql'...
>> Applying 'glyphslot_dbc.sql'...
>> Applying 'gossip_menu.sql'...
>> Applying 'gossip_menu_option.sql'...
>> Applying 'gossip_menu_option_locale.sql'...
>> Applying 'graveyard_zone.sql'...
>> Applying 'gtbarbershopcostbase_dbc.sql'...
>> Applying 'gtchancetomeleecrit_dbc.sql'...
>> Applying 'gtchancetomeleecritbase_dbc.sql'...
>> Applying 'gtchancetospellcrit_dbc.sql'...
>> Applying 'gtchancetospellcritbase_dbc.sql'...
>> Applying 'gtcombatratings_dbc.sql'...
>> Applying 'gtnpcmanacostscaler_dbc.sql'...
>> Applying 'gtoctclasscombatratingscalar_dbc.sql'...
>> Applying 'gtoctregenhp_dbc.sql'...
>> Applying 'gtregenhpperspt_dbc.sql'...
>> Applying 'gtregenmpperspt_dbc.sql'...
>> Applying 'holiday_dates.sql'...
>> Applying 'holidays_dbc.sql'...
>> Applying 'instance_encounters.sql'...
>> Applying 'instance_template.sql'...
>> Applying 'item_dbc.sql'...
>> Applying 'item_enchantment_template.sql'...
>> Applying 'item_loot_template.sql'...
>> Applying 'item_set_names.sql'...
>> Applying 'item_set_names_locale.sql'...
>> Applying 'item_template.sql'...
>> Applying 'item_template_locale.sql'...
>> Applying 'itembagfamily_dbc.sql'...
>> Applying 'itemdisplayinfo_dbc.sql'...
>> Applying 'itemextendedcost_dbc.sql'...
>> Applying 'itemlimitcategory_dbc.sql'...
>> Applying 'itemrandomproperties_dbc.sql'...
>> Applying 'itemrandomsuffix_dbc.sql'...
>> Applying 'itemset_dbc.sql'...
>> Applying 'lfg_dungeon_rewards.sql'...
>> Applying 'lfg_dungeon_template.sql'...
>> Applying 'lfgdungeons_dbc.sql'...
>> Applying 'light_dbc.sql'...
>> Applying 'linked_respawn.sql'...
>> Applying 'liquidtype_dbc.sql'...
>> Applying 'lock_dbc.sql'...
>> Applying 'mail_level_reward.sql'...
>> Applying 'mail_loot_template.sql'...
>> Applying 'mailtemplate_dbc.sql'...
>> Applying 'map_dbc.sql'...
>> Applying 'mapdifficulty_dbc.sql'...
>> Applying 'milling_loot_template.sql'...
>> Applying 'module_string.sql'...
>> Applying 'module_string_locale.sql'...
>> Applying 'movie_dbc.sql'...
>> Applying 'namesprofanity_dbc.sql'...
>> Applying 'namesreserved_dbc.sql'...
>> Applying 'npc_spellclick_spells.sql'...
>> Applying 'npc_text.sql'...
>> Applying 'npc_text_locale.sql'...
>> Applying 'npc_trainer.sql'...
>> Applying 'npc_vendor.sql'...
>> Applying 'outdoorpvp_template.sql'...
>> Applying 'overridespelldata_dbc.sql'...
>> Applying 'page_text.sql'...
>> Applying 'page_text_locale.sql'...
>> Applying 'pet_levelstats.sql'...
>> Applying 'pet_name_generation.sql'...
>> Applying 'pet_name_generation_locale.sql'...
>> Applying 'pickpocketing_loot_template.sql'...
>> Applying 'player_class_stats.sql'...
>> Applying 'player_factionchange_achievement.sql'...
>> Applying 'player_factionchange_items.sql'...
>> Applying 'player_factionchange_quests.sql'...
>> Applying 'player_factionchange_reputations.sql'...
>> Applying 'player_factionchange_spells.sql'...
>> Applying 'player_factionchange_titles.sql'...
>> Applying 'player_loot_template.sql'...
>> Applying 'player_race_stats.sql'...
>> Applying 'player_xp_for_level.sql'...
>> Applying 'playercreateinfo.sql'...
>> Applying 'playercreateinfo_action.sql'...
>> Applying 'playercreateinfo_cast_spell.sql'...
>> Applying 'playercreateinfo_item.sql'...
>> Applying 'playercreateinfo_skills.sql'...
>> Applying 'playercreateinfo_spell_custom.sql'...
>> Applying 'points_of_interest.sql'...
>> Applying 'points_of_interest_locale.sql'...
>> Applying 'pool_creature.sql'...
>> Applying 'pool_gameobject.sql'...
>> Applying 'pool_pool.sql'...
>> Applying 'pool_quest.sql'...
>> Applying 'pool_template.sql'...
>> Applying 'powerdisplay_dbc.sql'...
>> Applying 'prospecting_loot_template.sql'...
>> Applying 'pvpdifficulty_dbc.sql'...
>> Applying 'quest_details.sql'...
>> Applying 'quest_greeting.sql'...
>> Applying 'quest_greeting_locale.sql'...
>> Applying 'quest_mail_sender.sql'...
>> Applying 'quest_money_reward.sql'...
>> Applying 'quest_offer_reward.sql'...
>> Applying 'quest_offer_reward_locale.sql'...
>> Applying 'quest_poi.sql'...
>> Applying 'quest_poi_points.sql'...
>> Applying 'quest_request_items.sql'...
>> Applying 'quest_request_items_locale.sql'...
>> Applying 'quest_template.sql'...
>> Applying 'quest_template_addon.sql'...
>> Applying 'quest_template_locale.sql'...
>> Applying 'questfactionreward_dbc.sql'...
>> Applying 'questsort_dbc.sql'...
>> Applying 'questxp_dbc.sql'...
>> Applying 'randproppoints_dbc.sql'...
>> Applying 'reference_loot_template.sql'...
>> Applying 'reputation_reward_rate.sql'...
>> Applying 'reputation_spillover_template.sql'...
>> Applying 'scalingstatdistribution_dbc.sql'...
>> Applying 'scalingstatvalues_dbc.sql'...
>> Applying 'script_waypoint.sql'...
>> Applying 'skill_discovery_template.sql'...
>> Applying 'skill_extra_item_template.sql'...
>> Applying 'skill_fishing_base_level.sql'...
>> Applying 'skill_perfect_item_template.sql'...
>> Applying 'skillline_dbc.sql'...
>> Applying 'skilllineability_dbc.sql'...
>> Applying 'skillraceclassinfo_dbc.sql'...
>> Applying 'skilltiers_dbc.sql'...
>> Applying 'skinning_loot_template.sql'...
>> Applying 'smart_scripts.sql'...
>> Applying 'soundentries_dbc.sql'...
>> Applying 'spell_area.sql'...
>> Applying 'spell_bonus_data.sql'...
>> Applying 'spell_cooldown_overrides.sql'...
>> Applying 'spell_custom_attr.sql'...
>> Applying 'spell_dbc.sql'...
>> Applying 'spell_enchant_proc_data.sql'...
>> Applying 'spell_group.sql'...
>> Applying 'spell_group_stack_rules.sql'...
>> Applying 'spell_linked_spell.sql'...
>> Applying 'spell_loot_template.sql'...
>> Applying 'spell_mixology.sql'...
>> Applying 'spell_pet_auras.sql'...
>> Applying 'spell_proc.sql'...
>> Applying 'spell_proc_event.sql'...
>> Applying 'spell_ranks.sql'...
>> Applying 'spell_required.sql'...
>> Applying 'spell_script_names.sql'...
>> Applying 'spell_scripts.sql'...
>> Applying 'spell_target_position.sql'...
>> Applying 'spell_threat.sql'...
>> Applying 'spellcasttimes_dbc.sql'...
>> Applying 'spellcategory_dbc.sql'...
>> Applying 'spelldifficulty_dbc.sql'...
>> Applying 'spellduration_dbc.sql'...
>> Applying 'spellfocusobject_dbc.sql'...
>> Applying 'spellitemenchantment_dbc.sql'...
>> Applying 'spellitemenchantmentcondition_dbc.sql'...
>> Applying 'spellradius_dbc.sql'...
>> Applying 'spellrange_dbc.sql'...
>> Applying 'spellrunecost_dbc.sql'...
>> Applying 'spellshapeshiftform_dbc.sql'...
>> Applying 'spellvisual_dbc.sql'...
>> Applying 'stableslotprices_dbc.sql'...
>> Applying 'summonproperties_dbc.sql'...
>> Applying 'talent_dbc.sql'...
>> Applying 'talenttab_dbc.sql'...
>> Applying 'taxinodes_dbc.sql'...
>> Applying 'taxipath_dbc.sql'...
>> Applying 'taxipathnode_dbc.sql'...
>> Applying 'teamcontributionpoints_dbc.sql'...
>> Applying 'totemcategory_dbc.sql'...
>> Applying 'transportanimation_dbc.sql'...
>> Applying 'transportrotation_dbc.sql'...
>> Applying 'transports.sql'...
>> Applying 'updates.sql'...
>> Applying 'updates_include.sql'...
>> Applying 'vehicle_accessory.sql'...
>> Applying 'vehicle_dbc.sql'...
>> Applying 'vehicle_seat_addon.sql'...
>> Applying 'vehicle_template_accessory.sql'...
>> Applying 'vehicleseat_dbc.sql'...
>> Applying 'version.sql'...
>> Applying 'warden_checks.sql'...
>> Applying 'waypoint_data.sql'...
>> Applying 'waypoint_scripts.sql'...
>> Applying 'waypoints.sql'...
>> Applying 'wmoareatable_dbc.sql'...
>> Applying 'worldmaparea_dbc.sql'...
>> Applying 'worldmapoverlay_dbc.sql'...
>> Done!
 
Updating Auth database...
>> Applying update "2025_01_26_00.sql" 'CA6884F'...
>> Applying update "2025_02_16_00.sql" 'D59DF56'...
>> Applying update "2025_02_16_01.sql" '6788795'...
>> Applied 3 queries. Containing 3 new and 1 archived updates.
 
Updating Character database...
>> Applying update "2025_01_31_00.sql" '49B70E7'...
>> Applying update "2025_02_12_00.sql" 'BF22600'...
>> Applying update "2025_02_16_00.sql" 'BF15638'...
>> Applying update "2025_03_09_00.sql" '9BC72C8'...
>> Applied 4 queries. Containing 5 new and 3 archived updates.
 
Updating World database...
>> Applying update "2024_12_18_00.sql" '7EF3153'...
>> Applying update "2024_12_19_00.sql" '9BF1806'...
>> Applying update "2024_12_20_00.sql" '0883056'...
>> Applying update "2024_12_20_01.sql" 'D4F79BE'...
>> Applying update "2024_12_20_02.sql" 'C6C94C1'...
>> Applying update "2024_12_22_00.sql" '8C71175'...
>> Applying update "2024_12_22_01.sql" '7211576'...
>> Applying update "2024_12_22_02.sql" '23CC51B'...
>> Applying update "2024_12_24_00.sql" '6330C54'...
>> Applying update "2024_12_25_00.sql" '5944AB4'...
>> Applying update "2024_12_26_00.sql" 'DCFB2F9'...
>> Applying update "2024_12_26_01.sql" '7B75870'...
>> Applying update "2024_12_26_02.sql" 'FCDFCF7'...
>> Applying update "2024_12_28_00.sql" 'EB4C358'...
>> Applying update "2024_12_28_01.sql" 'FE08B3F'...
>> Applying update "2024_12_28_02.sql" '6DE2851'...
>> Applying update "2024_12_29_00.sql" 'A693E0E'...
>> Applying update "2024_12_29_01.sql" '5E40CCC'...
>> Applying update "2024_12_29_02.sql" 'BCAF0AB'...
>> Applying update "2024_12_29_03.sql" 'C7B5467'...
>> Applying update "2024_12_29_04.sql" '2106A38'...
>> Applying update "2024_12_30_00.sql" 'A047C51'...
>> Applying update "2024_12_30_01.sql" '13A7ECD'...
>> Applying update "2024_12_30_02.sql" '62E379A'...
>> Applying update "2024_12_31_00.sql" '6428FCA'...
>> Applying update "2024_12_31_01.sql" 'AC6EF39'...
>> Applying update "2025_01_03_00.sql" '10DCA9D'...
>> Applying update "2025_01_04_00.sql" '12BEDCC'...
>> Applying update "2025_01_04_01.sql" 'BACAD3A'...
>> Applying update "2025_01_04_02.sql" '7C904C6'...
>> Applying update "2025_01_05_00.sql" '8A185D9'...
>> Applying update "2025_01_05_01.sql" '76487D4'...
>> Applying update "2025_01_05_02.sql" '11A2613'...
>> Applying update "2025_01_05_03.sql" '04FA7AF'...
>> Applying update "2025_01_05_04.sql" '401D7B9'...
>> Applying update "2025_01_05_05.sql" '3409881'...
>> Applying update "2025_01_05_06.sql" 'DC0AC09'...
>> Applying update "2025_01_05_07.sql" '37073D4'...
>> Applying update "2025_01_07_00.sql" '69A6F05'...
>> Applying update "2025_01_07_01.sql" '933B73E'...
>> Applying update "2025_01_07_02.sql" 'F0DCF30'...
>> Applying update "2025_01_07_03.sql" '7F76EA8'...
>> Applying update "2025_01_09_00.sql" '71CC287'...
>> Applying update "2025_01_09_01.sql" '15DBFFD'...
>> Applying update "2025_01_09_02.sql" 'F29A8B2'...
>> Applying update "2025_01_10_00.sql" 'AE2DBDD'...
>> Applying update "2025_01_10_01.sql" '8D642F3'...
>> Applying update "2025_01_10_02.sql" 'FE7F9CD'...
>> Applying update "2025_01_10_03.sql" '05F7E33'...
>> Applying update "2025_01_11_00.sql" '22D3217'...
>> Applying update "2025_01_11_01.sql" '832AF0F'...
>> Applying update "2025_01_12_00.sql" 'F67D19C'...
>> Applying update "2025_01_12_01.sql" 'E2252EE'...
>> Applying update "2025_01_13_00.sql" '021A195'...
>> Applying update "2025_01_14_00.sql" 'F44BD1D'...
>> Applying update "2025_01_14_01.sql" '1D49CF7'...
>> Applying update "2025_01_14_02.sql" '575A9EC'...
>> Applying update "2025_01_14_03.sql" 'A0F949A'...
>> Applying update "2025_01_14_04.sql" '891F53B'...
>> Applying update "2025_01_14_05.sql" '9EA9A97'...
>> Applying update "2025_01_15_00.sql" '13F5742'...
>> Applying update "2025_01_15_01.sql" 'CD8817C'...
>> Applying update "2025_01_15_02.sql" 'A5870D8'...
>> Applying update "2025_01_15_03.sql" 'A5A453E'...
>> Applying update "2025_01_15_04.sql" '0F65AEF'...
>> Applying update "2025_01_16_00.sql" '96F3C69'...
>> Applying update "2025_01_16_01.sql" '261162C'...
>> Applying update "2025_01_16_02.sql" '92C8F58'...
>> Applying update "2025_01_16_03.sql" '0C46E1B'...
>> Applying update "2025_01_16_04.sql" '42D8C99'...
>> Applying update "2025_01_17_00.sql" '271D38B'...
>> Applying update "2025_01_17_01.sql" '5BC25C0'...
>> Applying update "2025_01_18_00.sql" '5C9AA40'...
>> Applying update "2025_01_18_01.sql" 'EEA5BD8'...
>> Applying update "2025_01_19_00.sql" 'DA220E9'...
>> Applying update "2025_01_19_01.sql" 'F5BA0D3'...
>> Applying update "2025_01_19_02.sql" 'D5EEA17'...
>> Applying update "2025_01_22_00.sql" '2D7D7B1'...
>> Applying update "2025_01_22_01.sql" '8A17869'...
>> Applying update "2025_01_22_02.sql" 'E0EAB82'...
>> Applying update "2025_01_23_00.sql" '47C819B'...
>> Applying update "2025_01_23_01.sql" '2472973'...
>> Applying update "2025_01_23_02.sql" '7C08E2C'...
>> Applying update "2025_01_23_03.sql" '8F17161'...
>> Applying update "2025_01_23_04.sql" 'A472D96'...
>> Applying update "2025_01_24_00.sql" '85CAB3E'...
>> Applying update "2025_01_24_01.sql" '29AA8FC'...
>> Applying update "2025_01_25_00.sql" 'E92E9D1'...
>> Applying update "2025_01_26_00.sql" 'E9B50B0'...
>> Applying update "2025_01_26_01.sql" '0C1016D'...
>> Applying update "2025_01_26_02.sql" 'EA3AC6D'...
>> Applying update "2025_01_27_00.sql" 'B966CCB'...
>> Applying update "2025_01_27_01.sql" '4EC7434'...
>> Applying update "2025_01_27_02.sql" '6AA1B0F'...
>> Applying update "2025_01_28_00.sql" '0C45890'...
>> Applying update "2025_01_31_00.sql" '975650C'...
>> Applying update "2025_01_31_01.sql" 'AE123FF'...
>> Applying update "2025_02_01_00.sql" 'A18A5CE'...
>> Applying update "2025_02_01_01.sql" 'BCFCBC9'...
>> Applying update "2025_02_01_02.sql" '0573857'...
>> Applying update "2025_02_03_00.sql" '13788B5'...
>> Applying update "2025_02_03_01.sql" '2EAB330'...
>> Applying update "2025_02_04_00.sql" '3AB5EFD'...
>> Applying update "2025_02_05_00.sql" '1A26AB8'...
>> Applying update "2025_02_05_01.sql" 'F666C67'...
>> Applying update "2025_02_06_00.sql" '94707F4'...
>> Applying update "2025_02_06_01.sql" '689DB10'...
>> Applying update "2025_02_06_02.sql" '1FBFDFC'...
>> Applying update "2025_02_06_03.sql" '1BB4DEB'...
>> Applying update "2025_02_06_04.sql" 'CABF30D'...
>> Applying update "2025_02_07_00.sql" '5383747'...
>> Applying update "2025_02_07_01.sql" '4480B8E'...
>> Applying update "2025_02_07_02.sql" 'DC3F169'...
>> Applying update "2025_02_07_03.sql" '455A805'...
>> Applying update "2025_02_07_04.sql" 'A6B26BD'...
>> Applying update "2025_02_09_00.sql" '3485D8D'...
>> Applying update "2025_02_09_01.sql" '5D7D64D'...
>> Applying update "2025_02_09_02.sql" '6B440CC'...
>> Applying update "2025_02_09_03.sql" '58DE110'...
>> Applying update "2025_02_09_04.sql" '0D9C13F'...
>> Applying update "2025_02_10_00.sql" '62515F1'...
>> Applying update "2025_02_10_01.sql" 'B7A4B6F'...
>> Applying update "2025_02_12_00.sql" '4F18102'...
>> Applying update "2025_02_12_01.sql" 'CBE0B2C'...
>> Applying update "2025_02_13_00.sql" '59CB84C'...
>> Applying update "2025_02_13_01.sql" 'D1D5380'...
>> Applying update "2025_02_14_00.sql" '8768144'...
>> Applying update "2025_02_15_00.sql" '8B82C3A'...
>> Applying update "2025_02_15_01.sql" '6D2AD50'...
>> Applying update "2025_02_15_02.sql" 'D423E83'...
>> Applying update "2025_02_16_00.sql" '64B5E94'...
>> Applying update "2025_02_16_01.sql" '8B90F22'...
>> Applying update "2025_02_16_02.sql" '19CA8D1'...
>> Applying update "2025_02_16_03.sql" '2CF8413'...
>> Applying update "2025_02_18_00.sql" '86913B5'...
>> Applying update "2025_02_19_00.sql" 'AF2204E'...
>> Applying update "2025_02_19_01.sql" '7728C8C'...
>> Applying update "2025_02_21_00.sql" 'B60B33B'...
>> Applying update "2025_02_21_01.sql" '213A8A2'...
>> Applying update "2025_02_21_02.sql" 'F403722'...
>> Applying update "2025_02_21_03.sql" '3987AE1'...
>> Applying update "2025_02_22_00.sql" '5A52E87'...
>> Applying update "2025_02_24_00.sql" '06BD8FF'...
>> Applying update "2025_02_25_00.sql" 'FBF396E'...
>> Applying update "2025_02_26_00.sql" '0A02B7E'...
>> Applying update "2025_02_26_01.sql" 'DC05E9D'...
>> Applying update "2025_02_26_02.sql" '557FF2C'...
>> Applying update "2025_02_26_03.sql" 'C371335'...
>> Applying update "2025_02_27_00.sql" '360190B'...
>> Applying update "2025_02_28_00.sql" '1A9DBB9'...
>> Applying update "2025_03_01_00.sql" '6B1265D'...
>> Applying update "2025_03_01_01.sql" 'B73AE1C'...
>> Applying update "2025_03_02_00.sql" '78D147A'...
>> Applying update "2025_03_02_01.sql" 'F73E880'...
>> Applying update "2025_03_02_02.sql" 'FDFA2FE'...
>> Applying update "2025_03_03_00.sql" 'F9ED056'...
>> Applying update "2025_03_03_01.sql" '9660F5F'...
>> Applying update "2025_03_05_00.sql" '0E9E40A'...
>> Applying update "2025_03_06_00.sql" '0CA3873'...
>> Applying update "2025_03_06_01.sql" '170CB5C'...
>> Applying update "2025_03_08_00.sql" '54E0A6C'...
>> Applying update "2025_03_08_01.sql" '9F59A52'...
>> Applying update "2025_03_09_00.sql" '224C3A5'...
>> Applying update "2025_03_09_01.sql" '8DD9339'...
>> Applying update "2025_03_09_02.sql" 'F5FE6CF'...
>> Applying update "2025_03_09_03.sql" 'C21DD3B'...
>> Applying update "2025_03_10_00.sql" 'D6CC6BE'...
>> Applying update "2025_03_11_00.sql" '7795077'...
>> Applying update "2025_03_11_01.sql" '2FB80DE'...
>> Applying update "2025_03_11_02.sql" 'CCBE7C5'...
>> Applying update "2025_03_13_00.sql" '9D61687'...
>> Applying update "2025_03_15_00.sql" '608DC45'...
>> Applying update "2025_03_16_00.sql" 'BE2CC2D'...
>> Applying update "2025_03_16_01.sql" 'D84CF38'...
>> Applying update "2025_03_16_02.sql" 'D63E5D1'...
>> Applying update "2025_03_16_03.sql" '6DF8A33'...
>> Applying update "2025_03_16_04.sql" 'BDAA81E'...
>> Applying update "2025_03_17_00.sql" '229D85B'...
>> Applying update "2025_03_17_01.sql" 'BF1239B'...
>> Applying update "2025_03_17_02.sql" '26E6D56'...
>> Applying update "2025_03_17_03.sql" 'D4EBCC4'...
>> Applying update "2025_03_19_00.sql" 'D0DFC4E'...
>> Applying update "2025_03_19_01.sql" '482AE90'...
>> Applying update "2025_03_21_00.sql" '8105D58'...
>> Applying update "2025_03_22_00.sql" 'B98B74A'...
>> Applying update "2025_03_22_01.sql" 'C6FD0BC'...
>> Applying update "2025_03_22_02.sql" '0BF7C9F'...
>> Applying update "2025_03_24_00.sql" '217BBC4'...
>> Applying update "2025_03_25_00.sql" '891696C'...
>> Applying update "2025_03_25_01.sql" 'D2E9F6B'...
>> Applying update "2025_03_27_00.sql" '67F1FD4'...
>> Applying update "2025_03_27_01.sql" '07C9E7D'...
>> Applying update "2025_03_28_00.sql" 'F0215B2'...
>> Applying update "2025_03_29_00.sql" 'CEF6FF1'...
>> Applying update "2025_03_29_01.sql" 'E8FF972'...
>> Applying update "2025_03_29_02.sql" '8280232'...
>> Applying update "2025_03_30_00.sql" '00E64AD'...
>> Applying update "2025_03_30_01.sql" 'D76573F'...
>> Applying update "2025_03_30_02.sql" '2DE0709'...
>> Applying update "2025_03_31_00.sql" '70E34A7'...
>> Applying update "2025_03_31_01.sql" '98F88C2'...
>> Applying update "2025_03_31_02.sql" '6BCEB14'...
>> Applying update "2025_03_31_03.sql" 'E07EEF8'...
>> Applying update "2025_04_01_00.sql" 'ADE4E66'...
>> Applying update "2025_04_01_01.sql" 'C69EB8C'...
>> Applying update "2025_04_01_02.sql" 'F7F49E1'...
>> Applying update "2025_04_01_03.sql" 'C0E2FA4'...
>> Applying update "2025_04_01_04.sql" '7D23585'...
>> Applying update "2025_04_01_05.sql" 'DC4F058'...
>> Applying update "2025_04_01_06.sql" '957534F'...
>> Applying update "2025_04_01_07.sql" '7A5002D'...
>> Applying update "2025_04_02_00.sql" '9E2100C'...
>> Applying update "2025_04_02_01.sql" '5E52A6E'...
>> Applying update "2025_04_02_02.sql" 'C63C486'...
>> Applying update "2025_04_02_03.sql" 'ACB2110'...
>> Applying update "2025_04_02_04.sql" 'CABBB98'...
>> Applying update "2025_04_03_00.sql" 'ED8C9B0'...
>> Applying update "2025_04_04_00.sql" '16F7219'...
>> Applying update "2025_04_05_00.sql" '922419F'...
>> Applying update "2025_04_05_01.sql" '9BCC0B2'...
>> Applying update "2025_04_08_00.sql" '6D58979'...
>> Applying update "2025_04_09_00.sql" '9344327'...
>> Applying update "2025_04_10_00.sql" 'D0EE60C'...
>> Applying update "2025_04_10_01.sql" 'CCEB2A2'...
>> Applying update "2025_04_11_00.sql" '9564170'...
>> Applying update "2025_04_11_01.sql" 'D5663AF'...
>> Applying update "2025_04_12_00.sql" 'A18372E'...
>> Applying update "2025_04_12_01.sql" '5A4C001'...
>> Applying update "2025_04_13_00.sql" 'AFD927C'...
>> Applying update "2025_04_13_01.sql" 'EE84208'...
>> Applying update "2025_04_13_02.sql" 'A98759D'...
>> Applying update "2025_04_13_03.sql" '3B4C766'...
>> Applying update "2025_04_13_04.sql" 'CA9B956'...
>> Applying update "2025_04_14_00.sql" 'EF12B21'...
>> Applying update "2025_04_15_00.sql" '7DF5AA4'...
>> Applying update "2025_04_15_01.sql" '10CF352'...
>> Applying update "2025_04_17_00.sql" 'AA951D0'...
>> Applying update "2025_04_17_01.sql" '4575028'...
>> Applying update "2025_04_19_00.sql" 'B2FEE97'...
>> Applying update "2025_04_20_00.sql" 'E42934E'...
>> Applying update "2025_04_20_01.sql" '34A8139'...
>> Applying update "2025_04_25_00.sql" '3FFEF8F'...
>> Applying update "2025_04_25_01.sql" '2506A9D'...
>> Applying update "2025_04_26_00.sql" 'D0D676C'...
>> Applying update "2025_04_29_00.sql" '76455E8'...
>> Applying update "2025_04_29_01.sql" '135B236'...
>> Applying update "2025_04_30_00.sql" '6034F19'...
>> Applying update "2025_04_30_01.sql" 'C7525BB'...
>> Applying update "2025_04_30_02.sql" 'ACCA48C'...
>> Applying update "2025_04_30_03.sql" 'CCB0077'...
>> Applying update "2025_04_30_04.sql" '6333FF0'...
>> Applying update "2025_04_30_05.sql" '9177E9C'...
>> Applying update "2025_05_01_00.sql" 'B161677'...
>> Applying update "2025_05_03_00.sql" '7C9FCA1'...
>> Applying update "2025_05_04_00.sql" 'DF62FF1'...
>> Applying update "2025_05_04_01.sql" '83235FC'...
>> Applying update "2025_05_04_02.sql" '97F9DE2'...
>> Applying update "2025_05_04_03.sql" 'E551D98'...
>> Applying update "2025_05_04_04.sql" '883C650'...
>> Applying update "2025_05_05_00.sql" 'D710DE2'...
>> Applying update "2025_05_09_00.sql" 'F57445A'...
>> Applying update "2025_05_09_01.sql" 'C974B93'...
>> Applying update "2025_05_10_00.sql" '0B573FE'...
>> Applying update "2025_05_10_01.sql" '372A72D'...
>> Applying update "2025_05_10_02.sql" '3D01DC0'...
>> Applying update "2025_05_10_03.sql" '0D04F02'...
>> Applying update "2025_05_10_04.sql" 'FFB4D46'...
>> Applying update "2025_05_12_00.sql" 'ECE320C'...
>> Applying update "2025_05_12_01.sql" 'B62910C'...
>> Applying update "2025_05_13_00.sql" 'CF67248'...
>> Applying update "2025_05_15_00.sql" '7C687EC'...
>> Applying update "2025_05_18_00.sql" 'F4218FB'...
>> Applying update "2025_05_19_00.sql" '3586002'...
>> Applying update "2025_05_20_00.sql" 'DBC3BCB'...
>> Applying update "2025_05_21_00.sql" 'BCAF036'...
>> Applying update "2025_05_21_01.sql" '21CF015'...
>> Applying update "2025_05_22_00.sql" '0DCFAAD'...
>> Applying update "2025_05_23_00.sql" '7815607'...
>> Applying update "2025_05_23_01.sql" '669DFFE'...
>> Applying update "2025_05_23_02.sql" '5544BB2'...
>> Applying update "2025_05_23_03.sql" '03CA276'...
>> Applying update "2025_05_23_04.sql" 'CE4C289'...
>> Applying update "2025_05_23_05.sql" '5C199C8'...
>> Applying update "2025_05_23_06.sql" '27BC586'...
>> Applying update "2025_05_24_00.sql" '6EE0DAB'...
>> Applying update "2025_05_24_01.sql" '2B6AED0'...
>> Applying update "2025_05_24_02.sql" '54D712B'...
>> Applying update "2025_05_26_00.sql" '5FC52FA'...
>> Applying update "2025_05_27_00.sql" '1AF5F69'...
>> Applying update "2025_05_27_01.sql" '6408A20'...
>> Applying update "2025_05_27_02.sql" '72B3171'...
>> Applying update "2025_05_29_00.sql" '20288A4'...
>> Applying update "2025_05_29_01.sql" 'ABC9E37'...
>> Applying update "2025_05_30_00.sql" '517CDA7'...
>> Applying update "2025_05_30_01.sql" '0CC1065'...
>> Applying update "2025_05_30_02.sql" '0A76FA5'...
>> Applying update "2025_05_30_03.sql" '1115E51'...
>> Applying update "2025_05_30_04.sql" '0088171'...
>> Applying update "2025_05_30_05.sql" '4AB2146'...
>> Applying update "2025_05_30_06.sql" '56BE4BB'...
>> Applying update "2025_05_30_07.sql" '3BBB9A8'...
>> Applying update "2025_05_30_08.sql" '1D79153'...
>> Applying update "2025_05_31_00.sql" 'DAC5491'...
>> Applying update "2025_05_31_01.sql" 'A49428F'...
>> Applying update "2025_06_05_00.sql" '58064C0'...
>> Applying update "2025_06_05_01.sql" '74B0A63'...
>> Applying update "2025_06_05_02.sql" 'B1A43AA'...
>> Applying update "2025_06_05_03.sql" '79CCDDD'...
>> Applying update "2025_06_06_00.sql" '532752E'...
>> Applying update "2025_06_06_01.sql" 'CEC3765'...
>> Applying update "2025_06_07_00.sql" '9FE30B8'...
>> Applying update "2025_06_08_00.sql" '332024D'...
>> Applying update "2025_06_08_01.sql" '64DB735'...
>> Applying update "2025_06_08_02.sql" '78A0371'...
>> Applying update "2025_06_08_03.sql" '6ADA9D0'...
>> Applying update "2025_06_08_04.sql" 'D1516C4'...
>> Applying update "2025_06_08_05.sql" '1DF8A84'...
>> Applying update "2025_06_08_06.sql" '5CA7D1D'...
>> Applying update "2025_06_09_00.sql" 'C6FDFB6'...
>> Applying update "2025_06_12_00.sql" '2C4904F'...
>> Applying update "2025_06_12_01.sql" 'E6D435F'...
>> Applying update "2025_06_12_02.sql" '222FE82'...
>> Applying update "2025_06_12_03.sql" '3D258C7'...
>> Applying update "2025_06_12_04.sql" 'ADE0D7F'...
>> Applying update "2025_06_15_00.sql" '59C8819'...
>> Applying update "2025_06_15_01.sql" '81A42EC'...
>> Applying update "2025_06_15_02.sql" '56654D6'...
>> Applied 327 queries. Containing 774 new and 584 archived updates.
 
Started database connection pool.
Halting process...
Closing down DatabasePool 'acore_characters'. Waiting for 0 queries to finish...
Asynchronous connections on DatabasePool 'acore_characters' terminated. Proceeding with synchronous connections.
All connections on DatabasePool 'acore_characters' closed.
Closing down DatabasePool 'acore_world'. Waiting for 0 queries to finish...
Asynchronous connections on DatabasePool 'acore_world' terminated. Proceeding with synchronous connections.
All connections on DatabasePool 'acore_world' closed.
Closing down DatabasePool 'acore_auth'. Waiting for 0 queries to finish...
Asynchronous connections on DatabasePool 'acore_auth' terminated. Proceeding with synchronous connections.
All connections on DatabasePool 'acore_auth' closed.
